****************************************************************************************
This is a development tool for Scully applications.
You can ignore the warning (TLS) or run scully with --no-warning
****************************************************************************************

----------------------------------
Using stored unhandled routes!.
   To discover new routes in the angular app use "[33mnpm run scully -- --scanRoutes[39m"
----------------------------------

----------------------------------
Using stored unhandled routes!.
   To discover new routes in the angular app use "[33mnpm run scully -- --scanRoutes[39m"
----------------------------------

----------------------------------
Using stored unhandled routes!.
   To discover new routes in the angular app use "[33mnpm run scully -- --scanRoutes[39m"
----------------------------------
Puppeteer error while rendering ""
TimeoutError: Navigation timeout of 30000 ms exceeded
 we will retry rendering this page up to 3 times.Puppeteer error while rendering "[33m/about[39m"
TimeoutError: Navigation timeout of 30000 ms exceeded
 we will retry rendering this page up to 3 times.


----------------------------------
Using stored unhandled routes!.
   To discover new routes in the angular app use "[33mnpm run scully -- --scanRoutes[39m"
----------------------------------

----------------------------------
Using stored unhandled routes!.
   To discover new routes in the angular app use "[33mnpm run scully -- --scanRoutes[39m"
----------------------------------
Puppeteer error while rendering ""
TimeoutError: Navigation timeout of 30000 ms exceeded
 we will retry rendering this page up to 3 times.Puppeteer error while rendering "[33m/about[39m"
TimeoutError: Navigation timeout of 30000 ms exceeded
 we will retry rendering this page up to 3 times.


----------------------------------
Using stored unhandled routes!.
   To discover new routes in the angular app use "[33mnpm run scully -- --scanRoutes[39m"
----------------------------------
